<?xml version="1.0" encoding="UTF-8"?>
<robot generator="Robot 6.0.1 (Python 3.11.0 on win32)" generated="20221207 15:03:07.875" rpa="false" schemaversion="3">
<suite id="s1" name="Amazon-verbose" source="C:\Users\alvaleri\more readable - gherkin\Tests\Amazon-verbose.robot">
<test id="s1-t1" name="Logged out user can search for products" line="13">
<kw name="Begin Web Test" library="Common" type="SETUP">
<kw name="Open Browser" library="SeleniumLibrary">
<arg>about:blank</arg>
<arg>chrome</arg>
<doc>Opens a new browser instance to the optional ``url``.</doc>
<msg timestamp="20221207 15:03:08.116" level="INFO">Opening browser 'chrome' to base url 'about:blank'.</msg>
<status status="PASS" starttime="20221207 15:03:08.116" endtime="20221207 15:03:09.612"/>
</kw>
<status status="PASS" starttime="20221207 15:03:08.116" endtime="20221207 15:03:09.613"/>
</kw>
<kw name="Given user is not logged in" library="AmazonApp">
<kw name="Log" library="BuiltIn">
<arg>Check to see whether user is logged in</arg>
<doc>Logs the given message with the given level.</doc>
<msg timestamp="20221207 15:03:09.614" level="INFO">Check to see whether user is logged in</msg>
<status status="PASS" starttime="20221207 15:03:09.614" endtime="20221207 15:03:09.614"/>
</kw>
<status status="PASS" starttime="20221207 15:03:09.613" endtime="20221207 15:03:09.614"/>
</kw>
<kw name="End Web Test" library="Common" type="TEARDOWN">
<kw name="Close Browser" library="SeleniumLibrary">
<doc>Closes the current browser.</doc>
<status status="PASS" starttime="20221207 15:03:09.615" endtime="20221207 15:03:11.774"/>
</kw>
<status status="PASS" starttime="20221207 15:03:09.615" endtime="20221207 15:03:11.775"/>
</kw>
<tag>Smoke</tag>
<status status="PASS" starttime="20221207 15:03:08.115" endtime="20221207 15:03:11.776"/>
</test>
<doc>These test cases are comprised of 1st level keywords</doc>
<status status="PASS" starttime="20221207 15:03:07.877" endtime="20221207 15:03:11.782"/>
</suite>
<statistics>
<total>
<stat pass="1" fail="0" skip="0">All Tests</stat>
</total>
<tag>
<stat pass="1" fail="0" skip="0">Smoke</stat>
</tag>
<suite>
<stat pass="1" fail="0" skip="0" id="s1" name="Amazon-verbose">Amazon-verbose</stat>
</suite>
</statistics>
<errors>
<msg timestamp="20221207 15:03:08.092" level="ERROR">Error in file 'C:\Users\alvaleri\more readable - gherkin\Resources\AmazonApp.robot' on line 2: Resource file 'Resources\PO\LandingPage.robot' does not exist.</msg>
<msg timestamp="20221207 15:03:08.093" level="ERROR">Error in file 'C:\Users\alvaleri\more readable - gherkin\Resources\AmazonApp.robot' on line 3: Resource file 'Resources\PO\TopNav.robot' does not exist.</msg>
<msg timestamp="20221207 15:03:08.095" level="ERROR">Error in file 'C:\Users\alvaleri\more readable - gherkin\Resources\AmazonApp.robot' on line 4: Resource file 'Resources\PO\SearchResults.robot' does not exist.</msg>
<msg timestamp="20221207 15:03:08.097" level="ERROR">Error in file 'C:\Users\alvaleri\more readable - gherkin\Resources\AmazonApp.robot' on line 5: Resource file 'Resources\PO\Product.robot' does not exist.</msg>
<msg timestamp="20221207 15:03:08.098" level="ERROR">Error in file 'C:\Users\alvaleri\more readable - gherkin\Resources\AmazonApp.robot' on line 6: Resource file 'Resources\PO\Cart.robot' does not exist.</msg>
<msg timestamp="20221207 15:03:08.100" level="ERROR">Error in file 'C:\Users\alvaleri\more readable - gherkin\Resources\AmazonApp.robot' on line 7: Resource file 'Resources\PO\SignIn.robot' does not exist.</msg>
</errors>
</robot>
